<?xml version="1.0" encoding="UTF-8"?>
<testng-results ignored="0" total="1" passed="1" failed="0" skipped="0">
  <reporter-output>
    <line>
      <![CDATA[addAndDeleteUser has got passed]]>
    </line>
  </reporter-output>
  <suite started-at="2024-12-14T08:50:31 IST" name="Default suite" finished-at="2024-12-14T08:51:01 IST" duration-ms="29712">
    <groups>
    </groups>
    <test started-at="2024-12-14T08:50:31 IST" name="Default test" finished-at="2024-12-14T08:51:01 IST" duration-ms="29712">
      <class name="com.maxx.testscript.UserModule">
        <test-method is-config="true" signature="openBrowser()[pri:0, instance:com.maxx.testscript.UserModule@70e9c95d]" started-at="2024-12-14T08:50:31 IST" name="openBrowser" finished-at="2024-12-14T08:50:45 IST" duration-ms="14577" status="PASS">
          <reporter-output>
          </reporter-output>
        </test-method> <!-- openBrowser -->
        <test-method is-config="true" signature="login()[pri:0, instance:com.maxx.testscript.UserModule@70e9c95d]" started-at="2024-12-14T08:50:45 IST" name="login" finished-at="2024-12-14T08:50:46 IST" duration-ms="425" status="PASS">
          <reporter-output>
          </reporter-output>
        </test-method> <!-- login -->
        <test-method signature="addAndDeleteUser()[pri:0, instance:com.maxx.testscript.UserModule@70e9c95d]" started-at="2024-12-14T08:50:46 IST" name="addAndDeleteUser" finished-at="2024-12-14T08:51:00 IST" duration-ms="13898" status="PASS">
          <reporter-output>
            <line>
              <![CDATA[addAndDeleteUser has got passed]]>
            </line>
          </reporter-output>
        </test-method> <!-- addAndDeleteUser -->
        <test-method is-config="true" signature="logout()[pri:0, instance:com.maxx.testscript.UserModule@70e9c95d]" started-at="2024-12-14T08:51:00 IST" name="logout" finished-at="2024-12-14T08:51:00 IST" duration-ms="298" status="PASS">
          <reporter-output>
          </reporter-output>
        </test-method> <!-- logout -->
        <test-method is-config="true" signature="closeBrowser()[pri:0, instance:com.maxx.testscript.UserModule@70e9c95d]" started-at="2024-12-14T08:51:00 IST" name="closeBrowser" finished-at="2024-12-14T08:51:01 IST" duration-ms="461" status="PASS">
          <reporter-output>
          </reporter-output>
        </test-method> <!-- closeBrowser -->
      </class> <!-- com.maxx.testscript.UserModule -->
    </test> <!-- Default test -->
  </suite> <!-- Default suite -->
</testng-results>
